firebase-studio-1767292154191.cluster-ocv3ypmyqfbqysslgd7zlhmxek.cloudworkstations.dev/cde-c03b0d878c4bfc82293ab90104c97849f0b2631e/static/out/vs/workbench/api/worker/extensionHostWorker.esm.js:1  Failed to load resource: the server responded with a status of 404 (Not Found)
firebase-studio-1767292154191.cluster-ocv3ypmyqfbqysslgd7zlhmxek.cloudworkstations.dev/cde-c03b0d878c4bfc82293ab90104c97849f0b2631e/static/out/vs/workbench/api/worker/extensionHostWorker.esm.js:1  Failed to load resource: the server responded with a status of 404 (Not Found)
firebase-studio-1767292154191.cluster-ocv3ypmyqfbqysslgd7zlhmxek.cloudworkstations.dev/cde-c03b0d878c4bfc82293ab90104c97849f0b2631e/static/out/vs/editor/common/services/editorSimpleWorker.esm.js:1  Failed to load resource: the server responded with a status of 404 (Not Found)
firebase-studio-1767292154191.cluster-ocv3ypmyqfbqysslgd7zlhmxek.cloudworkstations.dev/cde-c03b0d878c4bfc82293ab90104c97849f0b2631e/static/out/vs/editor/common/services/editorSimpleWorker.esm.js:1  Failed to load resource: the server responded with a status of 404 (Not Found)
workbench.js:35  INFO Resolving connection token (firebase-studio-1767292154191.cluster-ocv3ypmyqfbqysslgd7zlhmxek.cloudworkstations.dev)...
workbench.js:35  INFO Resolved connection token (firebase-studio-1767292154191.cluster-ocv3ypmyqfbqysslgd7zlhmxek.cloudworkstations.dev) after 20 ms
workbench.js:35  INFO Creating a socket (renderer-Management-e2e3a029-39be-4d32-8bc2-ff11ecbb869f)...
workbench.js:35   ERR Cannot read properties of undefined (reading 'setViewVisible'): TypeError: Cannot read properties of undefined (reading 'setViewVisible')
    at AUs.cc (https://firebase-studio-1767292154191.cluster-ocv3ypmyqfbqysslgd7zlhmxek.cloudworkstations.dev/cde-c03b0d878c4bfc82293ab90104c97849f0b2631e/static/out/vs/code/browser/workbench/workbench.js:3258:65112)
    at AUs.setPartHidden (https://firebase-studio-1767292154191.cluster-ocv3ypmyqfbqysslgd7zlhmxek.cloudworkstations.dev/cde-c03b0d878c4bfc82293ab90104c97849f0b2631e/static/out/vs/code/browser/workbench/workbench.js:3258:65469)
    at Dse.value (https://firebase-studio-1767292154191.cluster-ocv3ypmyqfbqysslgd7zlhmxek.cloudworkstations.dev/cde-c03b0d878c4bfc82293ab90104c97849f0b2631e/static/out/vs/code/browser/workbench/workbench.js:1303:14853)
    at E.B (https://firebase-studio-1767292154191.cluster-ocv3ypmyqfbqysslgd7zlhmxek.cloudworkstations.dev/cde-c03b0d878c4bfc82293ab90104c97849f0b2631e/static/out/vs/code/browser/workbench/workbench.js:29:2392)
    at E.fire (https://firebase-studio-1767292154191.cluster-ocv3ypmyqfbqysslgd7zlhmxek.cloudworkstations.dev/cde-c03b0d878c4bfc82293ab90104c97849f0b2631e/static/out/vs/code/browser/workbench/workbench.js:29:2611)
    at JUe.g (https://firebase-studio-1767292154191.cluster-ocv3ypmyqfbqysslgd7zlhmxek.cloudworkstations.dev/cde-c03b0d878c4bfc82293ab90104c97849f0b2631e/static/out/vs/code/browser/workbench/workbench.js:667:53596)
    at JUe.deregisterPaneComposite (https://firebase-studio-1767292154191.cluster-ocv3ypmyqfbqysslgd7zlhmxek.cloudworkstations.dev/cde-c03b0d878c4bfc82293ab90104c97849f0b2631e/static/out/vs/code/browser/workbench/workbench.js:1303:8736)
    at LKe.Y (https://firebase-studio-1767292154191.cluster-ocv3ypmyqfbqysslgd7zlhmxek.cloudworkstations.dev/cde-c03b0d878c4bfc82293ab90104c97849f0b2631e/static/out/vs/code/browser/workbench/workbench.js:1890:103042)
    at LKe.H (https://firebase-studio-1767292154191.cluster-ocv3ypmyqfbqysslgd7zlhmxek.cloudworkstations.dev/cde-c03b0d878c4bfc82293ab90104c97849f0b2631e/static/out/vs/code/browser/workbench/workbench.js:1890:95203)
    at LKe.F (https://firebase-studio-1767292154191.cluster-ocv3ypmyqfbqysslgd7zlhmxek.cloudworkstations.dev/cde-c03b0d878c4bfc82293ab90104c97849f0b2631e/static/out/vs/code/browser/workbench/workbench.js:1890:94846)
error @ workbench.js:35
workbench.js:35   ERR Cannot read properties of undefined (reading 'setViewVisible'): TypeError: Cannot read properties of undefined (reading 'setViewVisible')
    at AUs.Vb (https://firebase-studio-1767292154191.cluster-ocv3ypmyqfbqysslgd7zlhmxek.cloudworkstations.dev/cde-c03b0d878c4bfc82293ab90104c97849f0b2631e/static/out/vs/code/browser/workbench/workbench.js:3258:59594)
    at AUs.setPartHidden (https://firebase-studio-1767292154191.cluster-ocv3ypmyqfbqysslgd7zlhmxek.cloudworkstations.dev/cde-c03b0d878c4bfc82293ab90104c97849f0b2631e/static/out/vs/code/browser/workbench/workbench.js:3258:65416)
    at QF.Wc (https://firebase-studio-1767292154191.cluster-ocv3ypmyqfbqysslgd7zlhmxek.cloudworkstations.dev/cde-c03b0d878c4bfc82293ab90104c97849f0b2631e/static/out/vs/code/browser/workbench/workbench.js:1303:23621)
    at Dse.value (https://firebase-studio-1767292154191.cluster-ocv3ypmyqfbqysslgd7zlhmxek.cloudworkstations.dev/cde-c03b0d878c4bfc82293ab90104c97849f0b2631e/static/out/vs/code/browser/workbench/workbench.js:1303:23099)
    at E.B (https://firebase-studio-1767292154191.cluster-ocv3ypmyqfbqysslgd7zlhmxek.cloudworkstations.dev/cde-c03b0d878c4bfc82293ab90104c97849f0b2631e/static/out/vs/code/browser/workbench/workbench.js:29:2392)
    at E.C (https://firebase-studio-1767292154191.cluster-ocv3ypmyqfbqysslgd7zlhmxek.cloudworkstations.dev/cde-c03b0d878c4bfc82293ab90104c97849f0b2631e/static/out/vs/code/browser/workbench/workbench.js:29:2462)
    at E.fire (https://firebase-studio-1767292154191.cluster-ocv3ypmyqfbqysslgd7zlhmxek.cloudworkstations.dev/cde-c03b0d878c4bfc82293ab90104c97849f0b2631e/static/out/vs/code/browser/workbench/workbench.js:29:2680)
    at Dse.value (https://firebase-studio-1767292154191.cluster-ocv3ypmyqfbqysslgd7zlhmxek.cloudworkstations.dev/cde-c03b0d878c4bfc82293ab90104c97849f0b2631e/static/out/vs/code/browser/workbench/workbench.js:1890:79784)
    at E.B (https://firebase-studio-1767292154191.cluster-ocv3ypmyqfbqysslgd7zlhmxek.cloudworkstations.dev/cde-c03b0d878c4bfc82293ab90104c97849f0b2631e/static/out/vs/code/browser/workbench/workbench.js:29:2392)
    at E.fire (https://firebase-studio-1767292154191.cluster-ocv3ypmyqfbqysslgd7zlhmxek.cloudworkstations.dev/cde-c03b0d878c4bfc82293ab90104c97849f0b2631e/static/out/vs/code/browser/workbench/workbench.js:29:2611)
error @ workbench.js:35
workbench.js:3263 The web worker extension host is started in a same-origin iframe!
C @ workbench.js:3263
workbench.js:35  INFO Creating a socket (renderer-ExtensionHost-461e5f07-d6cb-4878-9337-5d4f39153061)...
workbench.js:35  INFO Creating a socket (renderer-Management-e2e3a029-39be-4d32-8bc2-ff11ecbb869f) was successful after 477 ms.
[Violation] Potential permissions policy violation: usb is not allowed in this document.
[Violation] Potential permissions policy violation: usb is not allowed in this document.
[Violation] Potential permissions policy violation: serial is not allowed in this document.
[Violation] Potential permissions policy violation: serial is not allowed in this document.
[Violation] Potential permissions policy violation: hid is not allowed in this document.
[Violation] Potential permissions policy violation: hid is not allowed in this document.
[Violation] Potential permissions policy violation: cross-origin-isolated is not allowed in this document.
[Violation] Potential permissions policy violation: cross-origin-isolated is not allowed in this document.
[Violation] Potential permissions policy violation: cross-origin-isolated is not allowed in this document.
[Violation] Potential permissions policy violation: cross-origin-isolated is not allowed in this document.
[Violation] Potential permissions policy violation: cross-origin-isolated is not allowed in this document.
[Violation] Potential permissions policy violation: cross-origin-isolated is not allowed in this document.
[Violation] Potential permissions policy violation: cross-origin-isolated is not allowed in this document.
[Violation] Potential permissions policy violation: cross-origin-isolated is not allowed in this document.
[Violation] Potential permissions policy violation: cross-origin-isolated is not allowed in this document.
[Violation] Potential permissions policy violation: cross-origin-isolated is not allowed in this document.
[Violation] Potential permissions policy violation: cross-origin-isolated is not allowed in this document.
[Violation] Potential permissions policy violation: cross-origin-isolated is not allowed in this document.
[Violation] Potential permissions policy violation: cross-origin-isolated is not allowed in this document.
[Violation] Potential permissions policy violation: cross-origin-isolated is not allowed in this document.
[Violation] Potential permissions policy violation: cross-origin-isolated is not allowed in this document.
[Violation] Potential permissions policy violation: cross-origin-isolated is not allowed in this document.
firebase-studio-1767292154191.cluster-ocv3ypmyqfbqysslgd7zlhmxek.cloudworkstations.dev/cde-c03b0d878c4bfc82293ab90104c97849f0b2631e/static/node_modules/vsda/rust/web/vsda_bg.wasm:1  Failed to load resource: the server responded with a status of 404 (Not Found)
firebase-studio-1767292154191.cluster-ocv3ypmyqfbqysslgd7zlhmxek.cloudworkstations.dev/cde-c03b0d878c4bfc82293ab90104c97849f0b2631e/static/node_modules/vsda/rust/web/vsda_bg.wasm:1  Failed to load resource: the server responded with a status of 404 (Not Found)
firebase-studio-1767292154191.cluster-ocv3ypmyqfbqysslgd7zlhmxek.cloudworkstations.dev/cde-c03b0d878c4bfc82293ab90104c97849f0b2631e/static/node_modules/vsda/rust/web/vsda.js:1  Failed to load resource: the server responded with a status of 404 (Not Found)
firebase-studio-1767292154191.cluster-ocv3ypmyqfbqysslgd7zlhmxek.cloudworkstations.dev/cde-c03b0d878c4bfc82293ab90104c97849f0b2631e/static/node_modules/vsda/rust/web/vsda.js:1  Failed to load resource: the server responded with a status of 404 (Not Found)
workbench.js:35  INFO Creating a socket (renderer-ExtensionHost-461e5f07-d6cb-4878-9337-5d4f39153061) was successful after 480 ms.
workbench.js:35   ERR [google.monospace-aida]: property `title` is mandatory and must be of type `string` or `object`
error @ workbench.js:35
[Violation] Potential permissions policy violation: autoplay is not allowed in this document.
[Violation] Potential permissions policy violation: autoplay is not allowed in this document.
[Violation] Potential permissions policy violation: autoplay is not allowed in this document.
[Violation] Potential permissions policy violation: autoplay is not allowed in this document.
[Violation] Potential permissions policy violation: autoplay is not allowed in this document.
[Violation] Potential permissions policy violation: autoplay is not allowed in this document.
[Violation] Potential permissions policy violation: autoplay is not allowed in this document.
[Violation] Potential permissions policy violation: autoplay is not allowed in this document.
[Violation] Potential permissions policy violation: autoplay is not allowed in this document.
[Violation] Potential permissions policy violation: autoplay is not allowed in this document.
[Violation] Potential permissions policy violation: autoplay is not allowed in this document.
[Violation] Potential permissions policy violation: autoplay is not allowed in this document.
[Violation] Potential permissions policy violation: autoplay is not allowed in this document.
[Violation] Potential permissions policy violation: autoplay is not allowed in this document.
workbench.js:35  INFO Updating additional builtin extensions cache
workbench.js:35  INFO Extension host (Remote) is unresponsive.
workbench.js:35   ERR Error: Aborted onWillSaveTextDocument-event after 1750ms
    at workbench.js:1279:10003
error @ workbench.js:35
workbench.js:35  INFO Extension host (Remote) is responsive.
workbench.js:1253 [Extension Host] validation-agent-enabled: false
workbench.js:1253 [Extension Host] Unified superchat is not enabled, skipping initialization of studio-ai-plugin
workbench.js:1253 [Extension Host] IDX plugin loaded from extension "Google.validation-agent-extension"
workbench.js:1253 [Extension Host] {"WORKSPACE_SLUG":"studio-6936992254","level":"debug","message":"is_staging_config feature flag: false","timestamp":"2026-01-02T21:42:14.816Z"}
workbench.js:35   ERR [Extension Host] [winston] Unknown logger level: %s INFO
error @ workbench.js:35
workbench.js:1253 [Extension Host] [winston] Unknown logger level: INFO
qfs @ workbench.js:1253
workbench.js:2671 Timed out getting tasks from  npm
(anonymous) @ workbench.js:2671
workbench.js:1253 [Extension Host] IDX plugin loaded from extension "google.agent-management"
workbench.js:1253 [Extension Host] IDX plugin loaded from extension "google.code-documentation-agent"
bundle.js:45 Image with src "/viltrum-logo-2.png" has either width or height modified, but not the other. If you use CSS to change the size of your image, also include the styles 'width: "auto"' or 'height: "auto"' to maintain the aspect ratio.
i.<computed> @ bundle.js:45
workbench.js:1253 [Extension Host] rejected promise not handled within 1 second: Error: Rpc timed out: open-port
qfs @ workbench.js:1253
workbench.js:1253 [Extension Host] stack trace: Error: Rpc timed out: open-port
	at Timeout.<anonymous> (/nix/store/5nv17wkp49pk0c7rx1yfp4qdpz5wc0fn-monospace/extension.js:64:7455)
	at listOnTimeout (node:internal/timers:581:17)
	at process.processTimers (node:internal/timers:519:7)
qfs @ workbench.js:1253
workbench.js:1271 [google.monospace]Rpc timed out: open-port
$onExtensionRuntimeError @ workbench.js:1271
workbench.js:1271 Error: Rpc timed out: open-port
	at Timeout.<anonymous> (/nix/store/5nv17wkp49pk0c7rx1yfp4qdpz5wc0fn-monospace/extension.js:64:7455)
	at listOnTimeout (node:internal/timers:581:17)
	at process.processTimers (node:internal/timers:519:7)
$onExtensionRuntimeError @ workbench.js:1271
workbench.js:35   ERR An unknown error occurred. Please consult the log for more details.
error @ workbench.js:35
 [Violation] Permissions policy violation: local-fonts is not allowed in this document.
t.default @ addon-ligatures.js:2
addon-ligatures.js:2 [Violation] Permissions policy violation: local-fonts is not allowed in this document.
t.default @ addon-ligatures.js:2
addon-ligatures.js:2 SecurityError Failed to execute 'queryLocalFonts' on 'Window': Access to the feature "local-fonts" is disallowed by Permissions Policy
t.default @ addon-ligatures.js:2
(index):1  Failed to load resource: the server responded with a status of 503 (Service Unavailable)
(index):1  Failed to load resource: the server responded with a status of 503 (Service Unavailable)
Blocked script execution in '<URL>' because the document's frame is sandboxed and the 'allow-scripts' permission is not set.
Blocked script execution in '<URL>' because the document's frame is sandboxed and the 'allow-scripts' permission is not set.
Blocked script execution in '<URL>' because the document's frame is sandboxed and the 'allow-scripts' permission is not set.
Blocked script execution in '<URL>' because the document's frame is sandboxed and the 'allow-scripts' permission is not set.
Blocked script execution in '<URL>' because the document's frame is sandboxed and the 'allow-scripts' permission is not set.
Blocked script execution in '<URL>' because the document's frame is sandboxed and the 'allow-scripts' permission is not set.
Blocked script execution in '<URL>' because the document's frame is sandboxed and the 'allow-scripts' permission is not set.
Blocked script execution in '<URL>' because the document's frame is sandboxed and the 'allow-scripts' permission is not set.
Blocked script execution in '<URL>' because the document's frame is sandboxed and the 'allow-scripts' permission is not set.
Blocked script execution in '<URL>' because the document's frame is sandboxed and the 'allow-scripts' permission is not set.
Blocked script execution in '<URL>' because the document's frame is sandboxed and the 'allow-scripts' permission is not set.
Blocked script execution in '<URL>' because the document's frame is sandboxed and the 'allow-scripts' permission is not set.
Blocked script execution in '<URL>' because the document's frame is sandboxed and the 'allow-scripts' permission is not set.
Blocked script execution in '<URL>' because the document's frame is sandboxed and the 'allow-scripts' permission is not set.
Blocked script execution in '<URL>' because the document's frame is sandboxed and the 'allow-scripts' permission is not set.
Blocked script execution in '<URL>' because the document's frame is sandboxed and the 'allow-scripts' permission is not set.
Blocked script execution in '<URL>' because the document's frame is sandboxed and the 'allow-scripts' permission is not set.
Blocked script execution in '<URL>' because the document's frame is sandboxed and the 'allow-scripts' permission is not set.
Blocked script execution in '<URL>' because the document's frame is sandboxed and the 'allow-scripts' permission is not set.
Blocked script execution in '<URL>' because the document's frame is sandboxed and the 'allow-scripts' permission is not set.
Blocked script execution in '<URL>' because the document's frame is sandboxed and the 'allow-scripts' permission is not set.
Blocked script execution in '<URL>' because the document's frame is sandboxed and the 'allow-scripts' permission is not set.
Blocked script execution in '<URL>' because the document's frame is sandboxed and the 'allow-scripts' permission is not set.
Blocked script execution in '<URL>' because the document's frame is sandboxed and the 'allow-scripts' permission is not set.
Blocked script execution in '<URL>' because the document's frame is sandboxed and the 'allow-scripts' permission is not set.
Blocked script execution in '<URL>' because the document's frame is sandboxed and the 'allow-scripts' permission is not set.
Blocked script execution in '<URL>' because the document's frame is sandboxed and the 'allow-scripts' permission is not set.
Blocked script execution in '<URL>' because the document's frame is sandboxed and the 'allow-scripts' permission is not set.
Blocked script execution in '<URL>' because the document's frame is sandboxed and the 'allow-scripts' permission is not set.
Blocked script execution in '<URL>' because the document's frame is sandboxed and the 'allow-scripts' permission is not set.
Blocked script execution in '<URL>' because the document's frame is sandboxed and the 'allow-scripts' permission is not set.
Blocked script execution in '<URL>' because the document's frame is sandboxed and the 'allow-scripts' permission is not set.
Blocked script execution in '<URL>' because the document's frame is sandboxed and the 'allow-scripts' permission is not set.
Blocked script execution in '<URL>' because the document's frame is sandboxed and the 'allow-scripts' permission is not set.
Blocked script execution in '<URL>' because the document's frame is sandboxed and the 'allow-scripts' permission is not set.
Blocked script execution in '<URL>' because the document's frame is sandboxed and the 'allow-scripts' permission is not set.
Blocked script execution in '<URL>' because the document's frame is sandboxed and the 'allow-scripts' permission is not set.
Blocked script execution in '<URL>' because the document's frame is sandboxed and the 'allow-scripts' permission is not set.
Blocked script execution in '<URL>' because the document's frame is sandboxed and the 'allow-scripts' permission is not set.
Blocked script execution in '<URL>' because the document's frame is sandboxed and the 'allow-scripts' permission is not set.
Blocked script execution in '<URL>' because the document's frame is sandboxed and the 'allow-scripts' permission is not set.
Blocked script execution in '<URL>' because the document's frame is sandboxed and the 'allow-scripts' permission is not set.
Blocked script execution in '<URL>' because the document's frame is sandboxed and the 'allow-scripts' permission is not set.
Blocked script execution in '<URL>' because the document's frame is sandboxed and the 'allow-scripts' permission is not set.
Blocked script execution in '<URL>' because the document's frame is sandboxed and the 'allow-scripts' permission is not set.
Blocked script execution in '<URL>' because the document's frame is sandboxed and the 'allow-scripts' permission is not set.
Blocked script execution in '<URL>' because the document's frame is sandboxed and the 'allow-scripts' permission is not set.
Blocked script execution in '<URL>' because the document's frame is sandboxed and the 'allow-scripts' permission is not set.
Blocked script execution in '<URL>' because the document's frame is sandboxed and the 'allow-scripts' permission is not set.
Blocked script execution in '<URL>' because the document's frame is sandboxed and the 'allow-scripts' permission is not set.
Blocked script execution in '<URL>' because the document's frame is sandboxed and the 'allow-scripts' permission is not set.
Blocked script execution in '<URL>' because the document's frame is sandboxed and the 'allow-scripts' permission is not set.
Blocked script execution in '<URL>' because the document's frame is sandboxed and the 'allow-scripts' permission is not set.
Blocked script execution in '<URL>' because the document's frame is sandboxed and the 'allow-scripts' permission is not set.
Blocked script execution in '<URL>' because the document's frame is sandboxed and the 'allow-scripts' permission is not set.
Blocked script execution in '<URL>' because the document's frame is sandboxed and the 'allow-scripts' permission is not set.
Blocked script execution in '<URL>' because the document's frame is sandboxed and the 'allow-scripts' permission is not set.
Blocked script execution in '<URL>' because the document's frame is sandboxed and the 'allow-scripts' permission is not set.
Blocked script execution in '<URL>' because the document's frame is sandboxed and the 'allow-scripts' permission is not set.
Blocked script execution in '<URL>' because the document's frame is sandboxed and the 'allow-scripts' permission is not set.
Blocked script execution in '<URL>' because the document's frame is sandboxed and the 'allow-scripts' permission is not set.
Blocked script execution in '<URL>' because the document's frame is sandboxed and the 'allow-scripts' permission is not set.
Blocked script execution in '<URL>' because the document's frame is sandboxed and the 'allow-scripts' permission is not set.
Blocked script execution in '<URL>' because the document's frame is sandboxed and the 'allow-scripts' permission is not set.
(index):1 The resource https://3000-firebase-studio-1767292154191.cluster-ocv3ypmyqfbqysslgd7zlhmxek.cloudworkstations.dev/_next/static/chunks/%5Bturbopack%5D_browser_dev_hmr-client_hmr-client_ts_57d40746._.js was preloaded using link preload but not used within a few seconds from the window's load event. Please make sure it has an appropriate `as` value and it is preloaded intentionally.
(index):1 The resource https://3000-firebase-studio-1767292154191.cluster-ocv3ypmyqfbqysslgd7zlhmxek.cloudworkstations.dev/_next/static/chunks/%5Bturbopack%5D_browser_dev_hmr-client_hmr-client_ts_57d40746._.js was preloaded using link preload but not used within a few seconds from the window's load event. Please make sure it has an appropriate `as` value and it is preloaded intentionally.
9000-firebase-studio-1767292154191.cluster-ocv3ypmyqfbqysslgd7zlhmxek.cloudworkstations.dev/api/auth/login:1  Failed to load resource: the server responded with a status of 500 (Internal Server Error)
bundle.js:45 Image with src "/viltrum-logo-2.png" has either width or height modified, but not the other. If you use CSS to change the size of your image, also include the styles 'width: "auto"' or 'height: "auto"' to maintain the aspect ratio.
i.<computed> @ bundle.js:45
bundle.js:45 [Fast Refresh] rebuilding
bundle.js:45 [Fast Refresh] done in 1763ms
bundle.js:45 [Fast Refresh] rebuilding
bundle.js:45 [Fast Refresh] done in 500ms
bundle.js:45 %c%s%c DB Connection Error: background: #e6e6e6;background: light-dark(rgba(0,0,0,0.1), rgba(255,255,255,0.25));color: #000000;color: light-dark(#000000, #ffffff);border-radius: 2px  Server   Error: connect ECONNREFUSED 127.0.0.1:3306
i.<computed> @ bundle.js:45
bundle.js:45 Image with src "/viltrum-logo-2.png" has either width or height modified, but not the other. If you use CSS to change the size of your image, also include the styles 'width: "auto"' or 'height: "auto"' to maintain the aspect ratio.
i.<computed> @ bundle.js:45
m=base:3515 Sending code report to aida
bundle.js:45 [Fast Refresh] rebuilding
bundle.js:45 [Fast Refresh] done in 3868ms
bundle.js:45 [Fast Refresh] rebuilding
bundle.js:45 [Fast Refresh] done in 602ms
bundle.js:45 Image with src "/viltrum-logo-2.png" has either width or height modified, but not the other. If you use CSS to change the size of your image, also include the styles 'width: "auto"' or 'height: "auto"' to maintain the aspect ratio.
i.<computed> @ bundle.js:45
9000-firebase-studio-1767292154191.cluster-ocv3ypmyqfbqysslgd7zlhmxek.cloudworkstations.dev/api/auth/login:1  Failed to load resource: the server responded with a status of 500 (Internal Server Error)
9000-firebase-studio-1767292154191.cluster-ocv3ypmyqfbqysslgd7zlhmxek.cloudworkstations.dev/api/auth/register:1  Failed to load resource: the server responded with a status of 500 (Internal Server Error)
bundle.js:45 Image with src "/viltrum-logo-2.png" has either width or height modified, but not the other. If you use CSS to change the size of your image, also include the styles 'width: "auto"' or 'height: "auto"' to maintain the aspect ratio.
i.<computed> @ bundle.js:45
9000-firebase-studio-1767292154191.cluster-ocv3ypmyqfbqysslgd7zlhmxek.cloudworkstations.dev/api/auth/login:1  Failed to load resource: the server responded with a status of 500 (Internal Server Error)
src_app_globals_91e4631d.css:1  Failed to load resource: the server responded with a status of 503 (Service Unavailable)
(index):1 The resource https://3000-firebase-studio-1767292154191.cluster-ocv3ypmyqfbqysslgd7zlhmxek.cloudworkstations.dev/_next/static/chunks/%5Bturbopack%5D_browser_dev_hmr-client_hmr-client_ts_57d40746._.js was preloaded using link preload but not used within a few seconds from the window's load event. Please make sure it has an appropriate `as` value and it is preloaded intentionally.
use-auth.tsx:50  POST https://9000-firebase-studio-1767292154191.cluster-ocv3ypmyqfbqysslgd7zlhmxek.cloudworkstations.dev/api/auth/login 500 (Internal Server Error)
login @ use-auth.tsx:50
handleAuthAction @ auth-form.tsx:53
(anonymous) @ createFormControl.ts:1195
await in (anonymous)
executeDispatch @ react-dom-client.development.js:16970
runWithFiberInDEV @ react-dom-client.development.js:871
processDispatchQueue @ react-dom-client.development.js:17020
(anonymous) @ react-dom-client.development.js:17621
batchedUpdates$1 @ react-dom-client.development.js:3311
dispatchEventForPluginEventSystem @ react-dom-client.development.js:17174
dispatchEvent @ react-dom-client.development.js:21357
dispatchDiscreteEvent @ react-dom-client.development.js:21325
